
CH32V003F4P6_TM1638.elf:     file format elf32-littleriscv
CH32V003F4P6_TM1638.elf
architecture: riscv:rv32, flags 0x00000112:
EXEC_P, HAS_SYMS, D_PAGED
start address 0x00000000

Program Header:
    LOAD off    0x00001000 vaddr 0x00000000 paddr 0x00000000 align 2**12
         filesz 0x00000810 memsz 0x00000810 flags r-x
    LOAD off    0x00002000 vaddr 0x20000000 paddr 0x00000810 align 2**12
         filesz 0x00000018 memsz 0x00000034 flags rw-
    LOAD off    0x00002700 vaddr 0x20000700 paddr 0x20000700 align 2**12
         filesz 0x00000000 memsz 0x00000100 flags rw-

Sections:
Idx Name          Size      VMA       LMA       File off  Algn
  0 .init         000000a0  00000000  00000000  00001000  2**2
                  CONTENTS, ALLOC, LOAD, READONLY, CODE
  1 .text         00000770  000000a0  000000a0  000010a0  2**2
                  CONTENTS, ALLOC, LOAD, READONLY, CODE
  2 .fini         00000000  00000810  00000810  00002018  2**0
                  CONTENTS, ALLOC, LOAD, CODE
  3 .dalign       00000000  20000000  20000000  00002018  2**0
                  CONTENTS
  4 .dlalign      00000000  00000810  00000810  00002018  2**0
                  CONTENTS
  5 .data         00000018  20000000  00000810  00002000  2**2
                  CONTENTS, ALLOC, LOAD, DATA
  6 .bss          0000001c  20000018  00000828  00002018  2**2
                  ALLOC
  7 .stack        00000100  20000700  20000700  00002700  2**0
                  ALLOC
  8 .debug_info   000078a0  00000000  00000000  00002018  2**0
                  CONTENTS, READONLY, DEBUGGING
  9 .debug_abbrev 00001775  00000000  00000000  000098b8  2**0
                  CONTENTS, READONLY, DEBUGGING
 10 .debug_aranges 000003a8  00000000  00000000  0000b030  2**3
                  CONTENTS, READONLY, DEBUGGING
 11 .debug_ranges 00000418  00000000  00000000  0000b3d8  2**3
                  CONTENTS, READONLY, DEBUGGING
 12 .debug_line   00004613  00000000  00000000  0000b7f0  2**0
                  CONTENTS, READONLY, DEBUGGING
 13 .debug_str    000015f9  00000000  00000000  0000fe03  2**0
                  CONTENTS, READONLY, DEBUGGING
 14 .comment      00000033  00000000  00000000  000113fc  2**0
                  CONTENTS, READONLY
 15 .debug_frame  00000798  00000000  00000000  00011430  2**2
                  CONTENTS, READONLY, DEBUGGING
 16 .debug_loc    00001595  00000000  00000000  00011bc8  2**0
                  CONTENTS, READONLY, DEBUGGING
SYMBOL TABLE:
00000000 l    d  .init	00000000 .init
000000a0 l    d  .text	00000000 .text
00000810 l    d  .fini	00000000 .fini
20000000 l    d  .dalign	00000000 .dalign
00000810 l    d  .dlalign	00000000 .dlalign
20000000 l    d  .data	00000000 .data
20000018 l    d  .bss	00000000 .bss
20000700 l    d  .stack	00000000 .stack
00000000 l    d  .debug_info	00000000 .debug_info
00000000 l    d  .debug_abbrev	00000000 .debug_abbrev
00000000 l    d  .debug_aranges	00000000 .debug_aranges
00000000 l    d  .debug_ranges	00000000 .debug_ranges
00000000 l    d  .debug_line	00000000 .debug_line
00000000 l    d  .debug_str	00000000 .debug_str
00000000 l    d  .comment	00000000 .comment
00000000 l    d  .debug_frame	00000000 .debug_frame
00000000 l    d  .debug_loc	00000000 .debug_loc
00000000 l    df *ABS*	00000000 ch32v00x_it.c
00000000 l    df *ABS*	00000000 main.c
20000000 l     O .data	00000001 tm1638_bright
20000001 l     O .data	00000001 tm1638_display_on
00000000 l    df *ABS*	00000000 system_ch32v00x.c
00000000 l    df *ABS*	00000000 ch32v00x_gpio.c
00000000 l    df *ABS*	00000000 ch32v00x_misc.c
00000000 l    df *ABS*	00000000 ch32v00x_rcc.c
00000000 l    df *ABS*	00000000 ch32v00x_spi.c
00000000 l    df *ABS*	00000000 debug.c
20000030 l     O .bss	00000002 p_ms
20000032 l     O .bss	00000001 p_us
20000818 g       .data	00000000 __global_pointer$
000005f2  w      .text	00000000 TIM1_CC_IRQHandler
000007ca g     F .text	00000004 SPI_I2S_SendData
00000136 g     F .text	00000002 HardFault_Handler
00000168 g     F .text	0000000c TM1638_Read
000005c4  w      .text	00000000 SysTick_Handler
000005ca  w      .text	00000000 PVD_IRQHandler
000007ce g     F .text	00000004 SPI_I2S_ReceiveData
00000132 g     F .text	00000004 NMI_Handler
20000018 g       .bss	00000000 _sbss
00000100 g       *ABS*	00000000 __stack_size
000000aa g     F .text	0000000a .hidden __riscv_restore_2
20000014 g     O .data	00000004 SystemCoreClock
000000bc g     F .text	0000002c .hidden __udivsi3
000000a0 g       .init	00000000 _einit
00000760 g     F .text	0000001e RCC_APB2PeriphClockCmd
0000067a g     F .text	000000d6 GPIO_Init
2000002c g     O .bss	00000004 NVIC_Priority_Group
000005ea  w      .text	00000000 SPI1_IRQHandler
000000a0 g     F .text	0000000a .hidden __riscv_save_1
000000aa g     F .text	0000000a .hidden __riscv_restore_0
000005d2  w      .text	00000000 AWU_IRQHandler
000005d0  w      .text	00000000 EXTI7_0_IRQHandler
20000700 g       .stack	00000000 _heap_end
000007d2 g     F .text	0000000a SPI_I2S_GetFlagStatus
000005da  w      .text	00000000 DMA1_Channel4_IRQHandler
000005e2  w      .text	00000000 ADC1_IRQHandler
20000034 g       .bss	00000000 _ebss
000005e0  w      .text	00000000 DMA1_Channel7_IRQHandler
00000138 g     F .text	00000030 SPI_Transfer
000007dc g     F .text	00000034 Delay_Init
00000750 g     F .text	0000000a GPIO_WriteBit
000000e8 g     F .text	00000008 .hidden __umodsi3
000005e4  w      .text	00000000 I2C1_EV_IRQHandler
000005de  w      .text	00000000 DMA1_Channel6_IRQHandler
000005ce  w      .text	00000000 RCC_IRQHandler
000005f0  w      .text	00000000 TIM1_TRG_COM_IRQHandler
000005d4  w      .text	00000000 DMA1_Channel1_IRQHandler
00000000 g       .init	00000000 _start
20000004 g     O .data	00000010 AHBPrescTable
20000000 g       .dalign	00000000 _data_vma
00000174 g     F .text	00000020 TM1638_Command
0000033c g     F .text	000000f2 main
20000018 g     O .bss	00000001 key
000005dc  w      .text	00000000 DMA1_Channel5_IRQHandler
000000b4 g     F .text	00000058 .hidden __divsi3
000007b0 g     F .text	0000001a SPI_Cmd
0000042e g     F .text	0000012a SystemInit
2000001c g     O .bss	00000010 tm1638
00000000 g       .init	00000000 _sinit
0000024c g     F .text	00000034 TM1638_Clear
000001b6 g     F .text	0000005c TM1638_SetSegments
000005d8  w      .text	00000000 DMA1_Channel3_IRQHandler
000005ee  w      .text	00000000 TIM1_UP_IRQHandler
000005c8  w      .text	00000000 WWDG_IRQHandler
000005f4  w      .text	00000000 TIM2_IRQHandler
20000800 g       .stack	00000000 _eusrstack
000000a0 g     F .text	0000000a .hidden __riscv_save_2
000005c6  w      .text	00000000 SW_Handler
000005ec  w      .text	00000000 TIM1_BRK_IRQHandler
20000018 g       .data	00000000 _edata
20000034 g       .bss	00000000 _end
00000194 g     F .text	00000022 TM1638_ControlDisplay
00000810 g       .dlalign	00000000 _data_lma
00000212 g     F .text	0000003a TM1638_ReadKey
00000558 g     F .text	00000068 SystemCoreClockUpdate
0000010c g     F .text	00000024 .hidden __modsi3
000005d6  w      .text	00000000 DMA1_Channel2_IRQHandler
000002ca g     F .text	00000072 GPIO_Config
000005f6  w      .text	00000000 handle_reset
00000280 g     F .text	0000004a SPI_Config
000005cc  w      .text	00000000 FLASH_IRQHandler
000000a0 g     F .text	0000000a .hidden __riscv_save_0
000005e8  w      .text	00000000 USART1_IRQHandler
000005e6  w      .text	00000000 I2C1_ER_IRQHandler
0000077e g     F .text	00000032 SPI_Init
0000075a g     F .text	00000006 NVIC_PriorityGroupConfig
000000aa g     F .text	0000000a .hidden __riscv_restore_1



Disassembly of section .init:

00000000 <_sinit>:
   0:	5f60006f          	j	5f6 <handle_reset>
   4:	0000                	unimp
   6:	0000                	unimp
   8:	0132                	slli	sp,sp,0xc
   a:	0000                	unimp
   c:	0136                	slli	sp,sp,0xd
	...
  2e:	0000                	unimp
  30:	05c4                	addi	s1,sp,708
  32:	0000                	unimp
  34:	0000                	unimp
  36:	0000                	unimp
  38:	05c6                	slli	a1,a1,0x11
  3a:	0000                	unimp
  3c:	0000                	unimp
  3e:	0000                	unimp
  40:	05c8                	addi	a0,sp,708
  42:	0000                	unimp
  44:	05ca                	slli	a1,a1,0x12
  46:	0000                	unimp
  48:	05cc                	addi	a1,sp,708
  4a:	0000                	unimp
  4c:	05ce                	slli	a1,a1,0x13
  4e:	0000                	unimp
  50:	05d0                	addi	a2,sp,708
  52:	0000                	unimp
  54:	05d2                	slli	a1,a1,0x14
  56:	0000                	unimp
  58:	05d4                	addi	a3,sp,708
  5a:	0000                	unimp
  5c:	05d6                	slli	a1,a1,0x15
  5e:	0000                	unimp
  60:	05d8                	addi	a4,sp,708
  62:	0000                	unimp
  64:	05da                	slli	a1,a1,0x16
  66:	0000                	unimp
  68:	05dc                	addi	a5,sp,708
  6a:	0000                	unimp
  6c:	05de                	slli	a1,a1,0x17
  6e:	0000                	unimp
  70:	05e0                	addi	s0,sp,716
  72:	0000                	unimp
  74:	05e2                	slli	a1,a1,0x18
  76:	0000                	unimp
  78:	05e4                	addi	s1,sp,716
  7a:	0000                	unimp
  7c:	05e6                	slli	a1,a1,0x19
  7e:	0000                	unimp
  80:	05e8                	addi	a0,sp,716
  82:	0000                	unimp
  84:	05ea                	slli	a1,a1,0x1a
  86:	0000                	unimp
  88:	05ec                	addi	a1,sp,716
  8a:	0000                	unimp
  8c:	05ee                	slli	a1,a1,0x1b
  8e:	0000                	unimp
  90:	05f0                	addi	a2,sp,716
  92:	0000                	unimp
  94:	05f2                	slli	a1,a1,0x1c
  96:	0000                	unimp
  98:	05f4                	addi	a3,sp,716
  9a:	0000                	unimp
  9c:	0000                	unimp
	...

Disassembly of section .text:

000000a0 <__riscv_save_0>:
  a0:	1151                	addi	sp,sp,-12
  a2:	c026                	sw	s1,0(sp)
  a4:	c222                	sw	s0,4(sp)
  a6:	c406                	sw	ra,8(sp)
  a8:	8282                	jr	t0

000000aa <__riscv_restore_0>:
  aa:	4482                	lw	s1,0(sp)
  ac:	4412                	lw	s0,4(sp)
  ae:	40a2                	lw	ra,8(sp)
  b0:	0131                	addi	sp,sp,12
  b2:	8082                	ret

000000b4 <__divsi3>:
  b4:	02054e63          	bltz	a0,f0 <__umodsi3+0x8>
  b8:	0405c363          	bltz	a1,fe <__umodsi3+0x16>

000000bc <__udivsi3>:
  bc:	862e                	mv	a2,a1
  be:	85aa                	mv	a1,a0
  c0:	557d                	li	a0,-1
  c2:	c215                	beqz	a2,e6 <__udivsi3+0x2a>
  c4:	4685                	li	a3,1
  c6:	00b67863          	bgeu	a2,a1,d6 <__udivsi3+0x1a>
  ca:	00c05663          	blez	a2,d6 <__udivsi3+0x1a>
  ce:	0606                	slli	a2,a2,0x1
  d0:	0686                	slli	a3,a3,0x1
  d2:	feb66ce3          	bltu	a2,a1,ca <__udivsi3+0xe>
  d6:	4501                	li	a0,0
  d8:	00c5e463          	bltu	a1,a2,e0 <__udivsi3+0x24>
  dc:	8d91                	sub	a1,a1,a2
  de:	8d55                	or	a0,a0,a3
  e0:	8285                	srli	a3,a3,0x1
  e2:	8205                	srli	a2,a2,0x1
  e4:	faf5                	bnez	a3,d8 <__udivsi3+0x1c>
  e6:	8082                	ret

000000e8 <__umodsi3>:
  e8:	8286                	mv	t0,ra
  ea:	3fc9                	jal	bc <__udivsi3>
  ec:	852e                	mv	a0,a1
  ee:	8282                	jr	t0
  f0:	40a00533          	neg	a0,a0
  f4:	0005d763          	bgez	a1,102 <__stack_size+0x2>
  f8:	40b005b3          	neg	a1,a1
  fc:	b7c1                	j	bc <__udivsi3>
  fe:	40b005b3          	neg	a1,a1
 102:	8286                	mv	t0,ra
 104:	3f65                	jal	bc <__udivsi3>
 106:	40a00533          	neg	a0,a0
 10a:	8282                	jr	t0

0000010c <__modsi3>:
 10c:	8286                	mv	t0,ra
 10e:	0005c763          	bltz	a1,11c <__modsi3+0x10>
 112:	00054963          	bltz	a0,124 <__modsi3+0x18>
 116:	375d                	jal	bc <__udivsi3>
 118:	852e                	mv	a0,a1
 11a:	8282                	jr	t0
 11c:	40b005b3          	neg	a1,a1
 120:	fe055be3          	bgez	a0,116 <__modsi3+0xa>
 124:	40a00533          	neg	a0,a0
 128:	3f51                	jal	bc <__udivsi3>
 12a:	40b00533          	neg	a0,a1
 12e:	8282                	jr	t0
	...

00000132 <NMI_Handler>:
 132:	30200073          	mret

00000136 <HardFault_Handler>:
 136:	a001                	j	136 <HardFault_Handler>

00000138 <SPI_Transfer>:
 138:	f69ff2ef          	jal	t0,a0 <__riscv_save_0>
 13c:	842a                	mv	s0,a0
 13e:	4589                	li	a1,2
 140:	40013537          	lui	a0,0x40013
 144:	68e000ef          	jal	ra,7d2 <SPI_I2S_GetFlagStatus>
 148:	d97d                	beqz	a0,13e <SPI_Transfer+0x6>
 14a:	85a2                	mv	a1,s0
 14c:	40013537          	lui	a0,0x40013
 150:	2dad                	jal	7ca <SPI_I2S_SendData>
 152:	4585                	li	a1,1
 154:	40013537          	lui	a0,0x40013
 158:	2dad                	jal	7d2 <SPI_I2S_GetFlagStatus>
 15a:	dd65                	beqz	a0,152 <SPI_Transfer+0x1a>
 15c:	40013537          	lui	a0,0x40013
 160:	25bd                	jal	7ce <SPI_I2S_ReceiveData>
 162:	0ff57513          	andi	a0,a0,255
 166:	b791                	j	aa <__riscv_restore_0>

00000168 <TM1638_Read>:
 168:	f39ff2ef          	jal	t0,a0 <__riscv_save_0>
 16c:	0ff00513          	li	a0,255
 170:	37e1                	jal	138 <SPI_Transfer>
 172:	bf25                	j	aa <__riscv_restore_0>

00000174 <TM1638_Command>:
 174:	f2dff2ef          	jal	t0,a0 <__riscv_save_0>
 178:	842a                	mv	s0,a0
 17a:	4601                	li	a2,0
 17c:	45c1                	li	a1,16
 17e:	40011537          	lui	a0,0x40011
 182:	23f9                	jal	750 <GPIO_WriteBit>
 184:	8522                	mv	a0,s0
 186:	3f4d                	jal	138 <SPI_Transfer>
 188:	4605                	li	a2,1
 18a:	45c1                	li	a1,16
 18c:	40011537          	lui	a0,0x40011
 190:	23c1                	jal	750 <GPIO_WriteBit>
 192:	bf21                	j	aa <__riscv_restore_0>

00000194 <TM1638_ControlDisplay>:
 194:	f0dff2ef          	jal	t0,a0 <__riscv_save_0>
 198:	200007b7          	lui	a5,0x20000
 19c:	0007c503          	lbu	a0,0(a5) # 20000000 <_data_vma>
 1a0:	200007b7          	lui	a5,0x20000
 1a4:	0017c783          	lbu	a5,1(a5) # 20000001 <tm1638_display_on>
 1a8:	c399                	beqz	a5,1ae <TM1638_ControlDisplay+0x1a>
 1aa:	00856513          	ori	a0,a0,8
 1ae:	08056513          	ori	a0,a0,128
 1b2:	37c9                	jal	174 <TM1638_Command>
 1b4:	bddd                	j	aa <__riscv_restore_0>

000001b6 <TM1638_SetSegments>:
 1b6:	eebff2ef          	jal	t0,a0 <__riscv_save_0>
 1ba:	1171                	addi	sp,sp,-4
 1bc:	842a                	mv	s0,a0
 1be:	04000513          	li	a0,64
 1c2:	84ae                	mv	s1,a1
 1c4:	3f45                	jal	174 <TM1638_Command>
 1c6:	4601                	li	a2,0
 1c8:	45c1                	li	a1,16
 1ca:	40011537          	lui	a0,0x40011
 1ce:	2349                	jal	750 <GPIO_WriteBit>
 1d0:	00f47513          	andi	a0,s0,15
 1d4:	0c056513          	ori	a0,a0,192
 1d8:	3785                	jal	138 <SPI_Transfer>
 1da:	4401                	li	s0,0
 1dc:	20000737          	lui	a4,0x20000
 1e0:	00941a63          	bne	s0,s1,1f4 <TM1638_SetSegments+0x3e>
 1e4:	4605                	li	a2,1
 1e6:	45c1                	li	a1,16
 1e8:	40011537          	lui	a0,0x40011
 1ec:	2395                	jal	750 <GPIO_WriteBit>
 1ee:	375d                	jal	194 <TM1638_ControlDisplay>
 1f0:	0111                	addi	sp,sp,4
 1f2:	bd65                	j	aa <__riscv_restore_0>
 1f4:	00141693          	slli	a3,s0,0x1
 1f8:	01c70793          	addi	a5,a4,28 # 2000001c <tm1638>
 1fc:	97b6                	add	a5,a5,a3
 1fe:	2388                	lbu	a0,0(a5)
 200:	c03e                	sw	a5,0(sp)
 202:	0405                	addi	s0,s0,1
 204:	3f15                	jal	138 <SPI_Transfer>
 206:	4782                	lw	a5,0(sp)
 208:	238a                	lhu	a0,0(a5)
 20a:	8121                	srli	a0,a0,0x8
 20c:	8905                	andi	a0,a0,1
 20e:	372d                	jal	138 <SPI_Transfer>
 210:	b7f1                	j	1dc <TM1638_SetSegments+0x26>

00000212 <TM1638_ReadKey>:
 212:	e8fff2ef          	jal	t0,a0 <__riscv_save_0>
 216:	4601                	li	a2,0
 218:	45c1                	li	a1,16
 21a:	40011537          	lui	a0,0x40011
 21e:	2b0d                	jal	750 <GPIO_WriteBit>
 220:	04200513          	li	a0,66
 224:	3f11                	jal	138 <SPI_Transfer>
 226:	4481                	li	s1,0
 228:	4401                	li	s0,0
 22a:	3f3d                	jal	168 <TM1638_Read>
 22c:	00951533          	sll	a0,a0,s1
 230:	8c49                	or	s0,s0,a0
 232:	0485                	addi	s1,s1,1
 234:	4791                	li	a5,4
 236:	0ff47413          	andi	s0,s0,255
 23a:	fef498e3          	bne	s1,a5,22a <TM1638_ReadKey+0x18>
 23e:	4605                	li	a2,1
 240:	45c1                	li	a1,16
 242:	40011537          	lui	a0,0x40011
 246:	2329                	jal	750 <GPIO_WriteBit>
 248:	8522                	mv	a0,s0
 24a:	b585                	j	aa <__riscv_restore_0>

0000024c <TM1638_Clear>:
 24c:	e55ff2ef          	jal	t0,a0 <__riscv_save_0>
 250:	04000513          	li	a0,64
 254:	3705                	jal	174 <TM1638_Command>
 256:	4601                	li	a2,0
 258:	45c1                	li	a1,16
 25a:	40011537          	lui	a0,0x40011
 25e:	29cd                	jal	750 <GPIO_WriteBit>
 260:	0c000513          	li	a0,192
 264:	3dd1                	jal	138 <SPI_Transfer>
 266:	4441                	li	s0,16
 268:	147d                	addi	s0,s0,-1
 26a:	4501                	li	a0,0
 26c:	0ff47413          	andi	s0,s0,255
 270:	35e1                	jal	138 <SPI_Transfer>
 272:	f87d                	bnez	s0,268 <TM1638_Clear+0x1c>
 274:	4605                	li	a2,1
 276:	45c1                	li	a1,16
 278:	40011537          	lui	a0,0x40011
 27c:	29d1                	jal	750 <GPIO_WriteBit>
 27e:	b535                	j	aa <__riscv_restore_0>

00000280 <SPI_Config>:
 280:	e21ff2ef          	jal	t0,a0 <__riscv_save_0>
 284:	1131                	addi	sp,sp,-20
 286:	4585                	li	a1,1
 288:	6505                	lui	a0,0x1
 28a:	c002                	sw	zero,0(sp)
 28c:	c202                	sw	zero,4(sp)
 28e:	c402                	sw	zero,8(sp)
 290:	c602                	sw	zero,12(sp)
 292:	00011823          	sh	zero,16(sp)
 296:	21e9                	jal	760 <RCC_APB2PeriphClockCmd>
 298:	010407b7          	lui	a5,0x1040
 29c:	c03e                	sw	a5,0(sp)
 29e:	000207b7          	lui	a5,0x20
 2a2:	c23e                	sw	a5,4(sp)
 2a4:	020007b7          	lui	a5,0x2000
 2a8:	0785                	addi	a5,a5,1
 2aa:	c43e                	sw	a5,8(sp)
 2ac:	008007b7          	lui	a5,0x800
 2b0:	02078793          	addi	a5,a5,32 # 800020 <_data_lma+0x7ff810>
 2b4:	858a                	mv	a1,sp
 2b6:	40013537          	lui	a0,0x40013
 2ba:	c63e                	sw	a5,12(sp)
 2bc:	21c9                	jal	77e <SPI_Init>
 2be:	4585                	li	a1,1
 2c0:	40013537          	lui	a0,0x40013
 2c4:	21f5                	jal	7b0 <SPI_Cmd>
 2c6:	0151                	addi	sp,sp,20
 2c8:	b3cd                	j	aa <__riscv_restore_0>

000002ca <GPIO_Config>:
 2ca:	dd7ff2ef          	jal	t0,a0 <__riscv_save_0>
 2ce:	1151                	addi	sp,sp,-12
 2d0:	4585                	li	a1,1
 2d2:	03000513          	li	a0,48
 2d6:	c002                	sw	zero,0(sp)
 2d8:	c202                	sw	zero,4(sp)
 2da:	c402                	sw	zero,8(sp)
 2dc:	2151                	jal	760 <RCC_APB2PeriphClockCmd>
 2de:	478d                	li	a5,3
 2e0:	40011537          	lui	a0,0x40011
 2e4:	4441                	li	s0,16
 2e6:	c23e                	sw	a5,4(sp)
 2e8:	858a                	mv	a1,sp
 2ea:	4785                	li	a5,1
 2ec:	40050513          	addi	a0,a0,1024 # 40011400 <__global_pointer$+0x20010be8>
 2f0:	807c                	sh	a5,0(sp)
 2f2:	c422                	sw	s0,8(sp)
 2f4:	2659                	jal	67a <GPIO_Init>
 2f6:	858a                	mv	a1,sp
 2f8:	40011537          	lui	a0,0x40011
 2fc:	8060                	sh	s0,0(sp)
 2fe:	c422                	sw	s0,8(sp)
 300:	2ead                	jal	67a <GPIO_Init>
 302:	02000793          	li	a5,32
 306:	807c                	sh	a5,0(sp)
 308:	858a                	mv	a1,sp
 30a:	47e1                	li	a5,24
 30c:	40011537          	lui	a0,0x40011
 310:	c43e                	sw	a5,8(sp)
 312:	26a5                	jal	67a <GPIO_Init>
 314:	04000793          	li	a5,64
 318:	807c                	sh	a5,0(sp)
 31a:	858a                	mv	a1,sp
 31c:	47f1                	li	a5,28
 31e:	40011537          	lui	a0,0x40011
 322:	c43e                	sw	a5,8(sp)
 324:	2e99                	jal	67a <GPIO_Init>
 326:	08000793          	li	a5,128
 32a:	807c                	sh	a5,0(sp)
 32c:	858a                	mv	a1,sp
 32e:	4791                	li	a5,4
 330:	40011537          	lui	a0,0x40011
 334:	c43e                	sw	a5,8(sp)
 336:	2691                	jal	67a <GPIO_Init>
 338:	0131                	addi	sp,sp,12
 33a:	bb85                	j	aa <__riscv_restore_0>

0000033c <main>:
 33c:	d65ff2ef          	jal	t0,a0 <__riscv_save_0>
 340:	4509                	li	a0,2
 342:	2921                	jal	75a <NVIC_PriorityGroupConfig>
 344:	2c11                	jal	558 <SystemCoreClockUpdate>
 346:	3751                	jal	2ca <GPIO_Config>
 348:	3f25                	jal	280 <SPI_Config>
 34a:	2949                	jal	7dc <Delay_Init>
 34c:	3701                	jal	24c <TM1638_Clear>
 34e:	200007b7          	lui	a5,0x20000
 352:	471d                	li	a4,7
 354:	20000437          	lui	s0,0x20000
 358:	00e78023          	sb	a4,0(a5) # 20000000 <_data_vma>
 35c:	01c40413          	addi	s0,s0,28 # 2000001c <tm1638>
 360:	3d15                	jal	194 <TM1638_ControlDisplay>
 362:	45a1                	li	a1,8
 364:	4501                	li	a0,0
 366:	3d81                	jal	1b6 <TM1638_SetSegments>
 368:	356d                	jal	212 <TM1638_ReadKey>
 36a:	200007b7          	lui	a5,0x20000
 36e:	00a78c23          	sb	a0,24(a5) # 20000018 <_edata>
 372:	301c                	lbu	a5,1(s0)
 374:	00157713          	andi	a4,a0,1
 378:	9bf9                	andi	a5,a5,-2
 37a:	8fd9                	or	a5,a5,a4
 37c:	b01c                	sb	a5,1(s0)
 37e:	40155793          	srai	a5,a0,0x1
 382:	0017f713          	andi	a4,a5,1
 386:	303c                	lbu	a5,3(s0)
 388:	9bf9                	andi	a5,a5,-2
 38a:	8fd9                	or	a5,a5,a4
 38c:	b03c                	sb	a5,3(s0)
 38e:	40255793          	srai	a5,a0,0x2
 392:	0017f713          	andi	a4,a5,1
 396:	305c                	lbu	a5,5(s0)
 398:	9bf9                	andi	a5,a5,-2
 39a:	8fd9                	or	a5,a5,a4
 39c:	b05c                	sb	a5,5(s0)
 39e:	40355793          	srai	a5,a0,0x3
 3a2:	0017f713          	andi	a4,a5,1
 3a6:	307c                	lbu	a5,7(s0)
 3a8:	9bf9                	andi	a5,a5,-2
 3aa:	8fd9                	or	a5,a5,a4
 3ac:	b07c                	sb	a5,7(s0)
 3ae:	40455793          	srai	a5,a0,0x4
 3b2:	0017f713          	andi	a4,a5,1
 3b6:	341c                	lbu	a5,9(s0)
 3b8:	9bf9                	andi	a5,a5,-2
 3ba:	8fd9                	or	a5,a5,a4
 3bc:	b41c                	sb	a5,9(s0)
 3be:	40555793          	srai	a5,a0,0x5
 3c2:	0017f713          	andi	a4,a5,1
 3c6:	343c                	lbu	a5,11(s0)
 3c8:	9bf9                	andi	a5,a5,-2
 3ca:	8fd9                	or	a5,a5,a4
 3cc:	b43c                	sb	a5,11(s0)
 3ce:	40655793          	srai	a5,a0,0x6
 3d2:	0017f713          	andi	a4,a5,1
 3d6:	345c                	lbu	a5,13(s0)
 3d8:	9bf9                	andi	a5,a5,-2
 3da:	8fd9                	or	a5,a5,a4
 3dc:	b45c                	sb	a5,13(s0)
 3de:	347c                	lbu	a5,15(s0)
 3e0:	00755713          	srli	a4,a0,0x7
 3e4:	9bf9                	andi	a5,a5,-2
 3e6:	8fd9                	or	a5,a5,a4
 3e8:	b47c                	sb	a5,15(s0)
 3ea:	c11d                	beqz	a0,410 <main+0xd4>
 3ec:	07300713          	li	a4,115
 3f0:	a058                	sb	a4,4(s0)
 3f2:	05000713          	li	a4,80
 3f6:	a078                	sb	a4,6(s0)
 3f8:	07900713          	li	a4,121
 3fc:	04000793          	li	a5,64
 400:	a418                	sb	a4,8(s0)
 402:	06d00713          	li	a4,109
 406:	a03c                	sb	a5,2(s0)
 408:	a438                	sb	a4,10(s0)
 40a:	a458                	sb	a4,12(s0)
 40c:	a47c                	sb	a5,14(s0)
 40e:	bf91                	j	362 <main+0x26>
 410:	00040123          	sb	zero,2(s0)
 414:	00040223          	sb	zero,4(s0)
 418:	00040323          	sb	zero,6(s0)
 41c:	00040423          	sb	zero,8(s0)
 420:	00040523          	sb	zero,10(s0)
 424:	00040623          	sb	zero,12(s0)
 428:	00040723          	sb	zero,14(s0)
 42c:	bf1d                	j	362 <main+0x26>

0000042e <SystemInit>:
 42e:	400217b7          	lui	a5,0x40021
 432:	4398                	lw	a4,0(a5)
 434:	fcff06b7          	lui	a3,0xfcff0
 438:	1161                	addi	sp,sp,-8
 43a:	00176713          	ori	a4,a4,1
 43e:	c398                	sw	a4,0(a5)
 440:	43d8                	lw	a4,4(a5)
 442:	8f75                	and	a4,a4,a3
 444:	c3d8                	sw	a4,4(a5)
 446:	4398                	lw	a4,0(a5)
 448:	fef706b7          	lui	a3,0xfef70
 44c:	16fd                	addi	a3,a3,-1
 44e:	8f75                	and	a4,a4,a3
 450:	c398                	sw	a4,0(a5)
 452:	4398                	lw	a4,0(a5)
 454:	fffc06b7          	lui	a3,0xfffc0
 458:	16fd                	addi	a3,a3,-1
 45a:	8f75                	and	a4,a4,a3
 45c:	c398                	sw	a4,0(a5)
 45e:	43d8                	lw	a4,4(a5)
 460:	76c1                	lui	a3,0xffff0
 462:	16fd                	addi	a3,a3,-1
 464:	8f75                	and	a4,a4,a3
 466:	c3d8                	sw	a4,4(a5)
 468:	009f0737          	lui	a4,0x9f0
 46c:	c798                	sw	a4,8(a5)
 46e:	4f98                	lw	a4,24(a5)
 470:	02076713          	ori	a4,a4,32
 474:	cf98                	sw	a4,24(a5)
 476:	40011737          	lui	a4,0x40011
 47a:	40072683          	lw	a3,1024(a4) # 40011400 <__global_pointer$+0x20010be8>
 47e:	40070613          	addi	a2,a4,1024
 482:	f0f6f693          	andi	a3,a3,-241
 486:	40d72023          	sw	a3,1024(a4)
 48a:	40072683          	lw	a3,1024(a4)
 48e:	0806e693          	ori	a3,a3,128
 492:	40d72023          	sw	a3,1024(a4)
 496:	4709                	li	a4,2
 498:	ca18                	sw	a4,16(a2)
 49a:	c002                	sw	zero,0(sp)
 49c:	c202                	sw	zero,4(sp)
 49e:	4f98                	lw	a4,24(a5)
 4a0:	400106b7          	lui	a3,0x40010
 4a4:	6621                	lui	a2,0x8
 4a6:	00176713          	ori	a4,a4,1
 4aa:	cf98                	sw	a4,24(a5)
 4ac:	42d8                	lw	a4,4(a3)
 4ae:	8f51                	or	a4,a4,a2
 4b0:	c2d8                	sw	a4,4(a3)
 4b2:	4398                	lw	a4,0(a5)
 4b4:	66c1                	lui	a3,0x10
 4b6:	00020637          	lui	a2,0x20
 4ba:	8f55                	or	a4,a4,a3
 4bc:	c398                	sw	a4,0(a5)
 4be:	400216b7          	lui	a3,0x40021
 4c2:	6709                	lui	a4,0x2
 4c4:	429c                	lw	a5,0(a3)
 4c6:	8ff1                	and	a5,a5,a2
 4c8:	c23e                	sw	a5,4(sp)
 4ca:	4782                	lw	a5,0(sp)
 4cc:	0785                	addi	a5,a5,1
 4ce:	c03e                	sw	a5,0(sp)
 4d0:	4792                	lw	a5,4(sp)
 4d2:	e781                	bnez	a5,4da <SystemInit+0xac>
 4d4:	4782                	lw	a5,0(sp)
 4d6:	fee797e3          	bne	a5,a4,4c4 <SystemInit+0x96>
 4da:	400217b7          	lui	a5,0x40021
 4de:	439c                	lw	a5,0(a5)
 4e0:	00e79713          	slli	a4,a5,0xe
 4e4:	06075863          	bgez	a4,554 <SystemInit+0x126>
 4e8:	4785                	li	a5,1
 4ea:	c23e                	sw	a5,4(sp)
 4ec:	4712                	lw	a4,4(sp)
 4ee:	4785                	li	a5,1
 4f0:	06f71063          	bne	a4,a5,550 <SystemInit+0x122>
 4f4:	400227b7          	lui	a5,0x40022
 4f8:	4398                	lw	a4,0(a5)
 4fa:	76c1                	lui	a3,0xffff0
 4fc:	16fd                	addi	a3,a3,-1
 4fe:	9b71                	andi	a4,a4,-4
 500:	c398                	sw	a4,0(a5)
 502:	4398                	lw	a4,0(a5)
 504:	00176713          	ori	a4,a4,1
 508:	c398                	sw	a4,0(a5)
 50a:	400217b7          	lui	a5,0x40021
 50e:	43d8                	lw	a4,4(a5)
 510:	c3d8                	sw	a4,4(a5)
 512:	43d8                	lw	a4,4(a5)
 514:	8f75                	and	a4,a4,a3
 516:	c3d8                	sw	a4,4(a5)
 518:	43d8                	lw	a4,4(a5)
 51a:	66c1                	lui	a3,0x10
 51c:	8f55                	or	a4,a4,a3
 51e:	c3d8                	sw	a4,4(a5)
 520:	4398                	lw	a4,0(a5)
 522:	010006b7          	lui	a3,0x1000
 526:	8f55                	or	a4,a4,a3
 528:	c398                	sw	a4,0(a5)
 52a:	4398                	lw	a4,0(a5)
 52c:	00671693          	slli	a3,a4,0x6
 530:	fe06dde3          	bgez	a3,52a <SystemInit+0xfc>
 534:	43d8                	lw	a4,4(a5)
 536:	400216b7          	lui	a3,0x40021
 53a:	9b71                	andi	a4,a4,-4
 53c:	c3d8                	sw	a4,4(a5)
 53e:	43d8                	lw	a4,4(a5)
 540:	00276713          	ori	a4,a4,2
 544:	c3d8                	sw	a4,4(a5)
 546:	4721                	li	a4,8
 548:	42dc                	lw	a5,4(a3)
 54a:	8bb1                	andi	a5,a5,12
 54c:	fee79ee3          	bne	a5,a4,548 <SystemInit+0x11a>
 550:	0121                	addi	sp,sp,8
 552:	8082                	ret
 554:	c202                	sw	zero,4(sp)
 556:	bf59                	j	4ec <SystemInit+0xbe>

00000558 <SystemCoreClockUpdate>:
 558:	b49ff2ef          	jal	t0,a0 <__riscv_save_0>
 55c:	40021737          	lui	a4,0x40021
 560:	435c                	lw	a5,4(a4)
 562:	20000437          	lui	s0,0x20000
 566:	4691                	li	a3,4
 568:	8bb1                	andi	a5,a5,12
 56a:	01440413          	addi	s0,s0,20 # 20000014 <SystemCoreClock>
 56e:	00d78563          	beq	a5,a3,578 <SystemCoreClockUpdate+0x20>
 572:	46a1                	li	a3,8
 574:	04d78063          	beq	a5,a3,5b4 <SystemCoreClockUpdate+0x5c>
 578:	016e37b7          	lui	a5,0x16e3
 57c:	60078793          	addi	a5,a5,1536 # 16e3600 <_data_lma+0x16e2df0>
 580:	c01c                	sw	a5,0(s0)
 582:	400216b7          	lui	a3,0x40021
 586:	42dc                	lw	a5,4(a3)
 588:	4008                	lw	a0,0(s0)
 58a:	8391                	srli	a5,a5,0x4
 58c:	00f7f713          	andi	a4,a5,15
 590:	200007b7          	lui	a5,0x20000
 594:	00478793          	addi	a5,a5,4 # 20000004 <AHBPrescTable>
 598:	97ba                	add	a5,a5,a4
 59a:	238c                	lbu	a1,0(a5)
 59c:	42dc                	lw	a5,4(a3)
 59e:	0ff5f593          	andi	a1,a1,255
 5a2:	0807f793          	andi	a5,a5,128
 5a6:	00b55733          	srl	a4,a0,a1
 5aa:	e399                	bnez	a5,5b0 <SystemCoreClockUpdate+0x58>
 5ac:	3e01                	jal	bc <__udivsi3>
 5ae:	872a                	mv	a4,a0
 5b0:	c018                	sw	a4,0(s0)
 5b2:	bce5                	j	aa <__riscv_restore_0>
 5b4:	435c                	lw	a5,4(a4)
 5b6:	02dc77b7          	lui	a5,0x2dc7
 5ba:	c0078793          	addi	a5,a5,-1024 # 2dc6c00 <_data_lma+0x2dc63f0>
 5be:	b7c9                	j	580 <SystemCoreClockUpdate+0x28>
 5c0:	a001                	j	5c0 <SystemCoreClockUpdate+0x68>
 5c2:	a001                	j	5c2 <SystemCoreClockUpdate+0x6a>

000005c4 <SysTick_Handler>:
 5c4:	a001                	j	5c4 <SysTick_Handler>

000005c6 <SW_Handler>:
 5c6:	a001                	j	5c6 <SW_Handler>

000005c8 <WWDG_IRQHandler>:
 5c8:	a001                	j	5c8 <WWDG_IRQHandler>

000005ca <PVD_IRQHandler>:
 5ca:	a001                	j	5ca <PVD_IRQHandler>

000005cc <FLASH_IRQHandler>:
 5cc:	a001                	j	5cc <FLASH_IRQHandler>

000005ce <RCC_IRQHandler>:
 5ce:	a001                	j	5ce <RCC_IRQHandler>

000005d0 <EXTI7_0_IRQHandler>:
 5d0:	a001                	j	5d0 <EXTI7_0_IRQHandler>

000005d2 <AWU_IRQHandler>:
 5d2:	a001                	j	5d2 <AWU_IRQHandler>

000005d4 <DMA1_Channel1_IRQHandler>:
 5d4:	a001                	j	5d4 <DMA1_Channel1_IRQHandler>

000005d6 <DMA1_Channel2_IRQHandler>:
 5d6:	a001                	j	5d6 <DMA1_Channel2_IRQHandler>

000005d8 <DMA1_Channel3_IRQHandler>:
 5d8:	a001                	j	5d8 <DMA1_Channel3_IRQHandler>

000005da <DMA1_Channel4_IRQHandler>:
 5da:	a001                	j	5da <DMA1_Channel4_IRQHandler>

000005dc <DMA1_Channel5_IRQHandler>:
 5dc:	a001                	j	5dc <DMA1_Channel5_IRQHandler>

000005de <DMA1_Channel6_IRQHandler>:
 5de:	a001                	j	5de <DMA1_Channel6_IRQHandler>

000005e0 <DMA1_Channel7_IRQHandler>:
 5e0:	a001                	j	5e0 <DMA1_Channel7_IRQHandler>

000005e2 <ADC1_IRQHandler>:
 5e2:	a001                	j	5e2 <ADC1_IRQHandler>

000005e4 <I2C1_EV_IRQHandler>:
 5e4:	a001                	j	5e4 <I2C1_EV_IRQHandler>

000005e6 <I2C1_ER_IRQHandler>:
 5e6:	a001                	j	5e6 <I2C1_ER_IRQHandler>

000005e8 <USART1_IRQHandler>:
 5e8:	a001                	j	5e8 <USART1_IRQHandler>

000005ea <SPI1_IRQHandler>:
 5ea:	a001                	j	5ea <SPI1_IRQHandler>

000005ec <TIM1_BRK_IRQHandler>:
 5ec:	a001                	j	5ec <TIM1_BRK_IRQHandler>

000005ee <TIM1_UP_IRQHandler>:
 5ee:	a001                	j	5ee <TIM1_UP_IRQHandler>

000005f0 <TIM1_TRG_COM_IRQHandler>:
 5f0:	a001                	j	5f0 <TIM1_TRG_COM_IRQHandler>

000005f2 <TIM1_CC_IRQHandler>:
 5f2:	a001                	j	5f2 <TIM1_CC_IRQHandler>

000005f4 <TIM2_IRQHandler>:
 5f4:	a001                	j	5f4 <TIM2_IRQHandler>

000005f6 <handle_reset>:
 5f6:	20000197          	auipc	gp,0x20000
 5fa:	22218193          	addi	gp,gp,546 # 20000818 <__global_pointer$>
 5fe:	fe818113          	addi	sp,gp,-24 # 20000800 <_eusrstack>
 602:	00000517          	auipc	a0,0x0
 606:	20e50513          	addi	a0,a0,526 # 810 <_data_lma>
 60a:	20000597          	auipc	a1,0x20000
 60e:	9f658593          	addi	a1,a1,-1546 # 20000000 <_data_vma>
 612:	20000617          	auipc	a2,0x20000
 616:	a0660613          	addi	a2,a2,-1530 # 20000018 <_edata>
 61a:	00c5fa63          	bgeu	a1,a2,62e <handle_reset+0x38>
 61e:	00052283          	lw	t0,0(a0)
 622:	0055a023          	sw	t0,0(a1)
 626:	0511                	addi	a0,a0,4
 628:	0591                	addi	a1,a1,4
 62a:	fec5eae3          	bltu	a1,a2,61e <handle_reset+0x28>
 62e:	20000517          	auipc	a0,0x20000
 632:	9ea50513          	addi	a0,a0,-1558 # 20000018 <_edata>
 636:	81c18593          	addi	a1,gp,-2020 # 20000034 <_ebss>
 63a:	00b57763          	bgeu	a0,a1,648 <handle_reset+0x52>
 63e:	00052023          	sw	zero,0(a0)
 642:	0511                	addi	a0,a0,4
 644:	feb56de3          	bltu	a0,a1,63e <handle_reset+0x48>
 648:	08000293          	li	t0,128
 64c:	30029073          	csrw	mstatus,t0
 650:	428d                	li	t0,3
 652:	80429073          	csrw	0x804,t0
 656:	00000297          	auipc	t0,0x0
 65a:	9aa28293          	addi	t0,t0,-1622 # 0 <_sinit>
 65e:	0032e293          	ori	t0,t0,3
 662:	30529073          	csrw	mtvec,t0
 666:	dc9ff0ef          	jal	ra,42e <SystemInit>
 66a:	00000297          	auipc	t0,0x0
 66e:	cd228293          	addi	t0,t0,-814 # 33c <main>
 672:	34129073          	csrw	mepc,t0
 676:	30200073          	mret

0000067a <GPIO_Init>:
 67a:	459c                	lw	a5,8(a1)
 67c:	1161                	addi	sp,sp,-8
 67e:	c222                	sw	s0,4(sp)
 680:	c026                	sw	s1,0(sp)
 682:	0107f713          	andi	a4,a5,16
 686:	00f7f313          	andi	t1,a5,15
 68a:	c701                	beqz	a4,692 <GPIO_Init+0x18>
 68c:	41d8                	lw	a4,4(a1)
 68e:	00e36333          	or	t1,t1,a4
 692:	2192                	lhu	a2,0(a1)
 694:	0ff67713          	andi	a4,a2,255
 698:	c729                	beqz	a4,6e2 <GPIO_Init+0x68>
 69a:	00052383          	lw	t2,0(a0)
 69e:	4701                	li	a4,0
 6a0:	02800413          	li	s0,40
 6a4:	04800493          	li	s1,72
 6a8:	4685                	li	a3,1
 6aa:	00e695b3          	sll	a1,a3,a4
 6ae:	00b676b3          	and	a3,a2,a1
 6b2:	02d59263          	bne	a1,a3,6d6 <GPIO_Init+0x5c>
 6b6:	00271293          	slli	t0,a4,0x2
 6ba:	46bd                	li	a3,15
 6bc:	005696b3          	sll	a3,a3,t0
 6c0:	fff6c693          	not	a3,a3
 6c4:	0076f3b3          	and	t2,a3,t2
 6c8:	005312b3          	sll	t0,t1,t0
 6cc:	0072e3b3          	or	t2,t0,t2
 6d0:	06879763          	bne	a5,s0,73e <GPIO_Init+0xc4>
 6d4:	c94c                	sw	a1,20(a0)
 6d6:	0705                	addi	a4,a4,1
 6d8:	46a1                	li	a3,8
 6da:	fcd717e3          	bne	a4,a3,6a8 <GPIO_Init+0x2e>
 6de:	00752023          	sw	t2,0(a0)
 6e2:	0ff00713          	li	a4,255
 6e6:	04c77863          	bgeu	a4,a2,736 <GPIO_Init+0xbc>
 6ea:	00452383          	lw	t2,4(a0)
 6ee:	46a1                	li	a3,8
 6f0:	02800413          	li	s0,40
 6f4:	04800493          	li	s1,72
 6f8:	4705                	li	a4,1
 6fa:	00d712b3          	sll	t0,a4,a3
 6fe:	00567733          	and	a4,a2,t0
 702:	02e29463          	bne	t0,a4,72a <GPIO_Init+0xb0>
 706:	00269713          	slli	a4,a3,0x2
 70a:	1701                	addi	a4,a4,-32
 70c:	45bd                	li	a1,15
 70e:	00e595b3          	sll	a1,a1,a4
 712:	fff5c593          	not	a1,a1
 716:	0075f3b3          	and	t2,a1,t2
 71a:	00e31733          	sll	a4,t1,a4
 71e:	007763b3          	or	t2,a4,t2
 722:	02879263          	bne	a5,s0,746 <GPIO_Init+0xcc>
 726:	00552a23          	sw	t0,20(a0)
 72a:	0685                	addi	a3,a3,1
 72c:	4741                	li	a4,16
 72e:	fce695e3          	bne	a3,a4,6f8 <GPIO_Init+0x7e>
 732:	00752223          	sw	t2,4(a0)
 736:	4412                	lw	s0,4(sp)
 738:	4482                	lw	s1,0(sp)
 73a:	0121                	addi	sp,sp,8
 73c:	8082                	ret
 73e:	f8979ce3          	bne	a5,s1,6d6 <GPIO_Init+0x5c>
 742:	c90c                	sw	a1,16(a0)
 744:	bf49                	j	6d6 <GPIO_Init+0x5c>
 746:	fe9792e3          	bne	a5,s1,72a <GPIO_Init+0xb0>
 74a:	00552823          	sw	t0,16(a0)
 74e:	bff1                	j	72a <GPIO_Init+0xb0>

00000750 <GPIO_WriteBit>:
 750:	c219                	beqz	a2,756 <GPIO_WriteBit+0x6>
 752:	c90c                	sw	a1,16(a0)
 754:	8082                	ret
 756:	c94c                	sw	a1,20(a0)
 758:	8082                	ret

0000075a <NVIC_PriorityGroupConfig>:
 75a:	80a1aa23          	sw	a0,-2028(gp) # 2000002c <NVIC_Priority_Group>
 75e:	8082                	ret

00000760 <RCC_APB2PeriphClockCmd>:
 760:	c599                	beqz	a1,76e <RCC_APB2PeriphClockCmd+0xe>
 762:	40021737          	lui	a4,0x40021
 766:	4f1c                	lw	a5,24(a4)
 768:	8d5d                	or	a0,a0,a5
 76a:	cf08                	sw	a0,24(a4)
 76c:	8082                	ret
 76e:	400217b7          	lui	a5,0x40021
 772:	4f98                	lw	a4,24(a5)
 774:	fff54513          	not	a0,a0
 778:	8d79                	and	a0,a0,a4
 77a:	cf88                	sw	a0,24(a5)
 77c:	8082                	ret

0000077e <SPI_Init>:
 77e:	211a                	lhu	a4,0(a0)
 780:	678d                	lui	a5,0x3
 782:	04078793          	addi	a5,a5,64 # 3040 <_data_lma+0x2830>
 786:	21b6                	lhu	a3,2(a1)
 788:	8f7d                	and	a4,a4,a5
 78a:	219e                	lhu	a5,0(a1)
 78c:	8fd5                	or	a5,a5,a3
 78e:	21d6                	lhu	a3,4(a1)
 790:	8fd5                	or	a5,a5,a3
 792:	21f6                	lhu	a3,6(a1)
 794:	8fd5                	or	a5,a5,a3
 796:	2596                	lhu	a3,8(a1)
 798:	8fd5                	or	a5,a5,a3
 79a:	25b6                	lhu	a3,10(a1)
 79c:	8fd5                	or	a5,a5,a3
 79e:	25d6                	lhu	a3,12(a1)
 7a0:	8fd5                	or	a5,a5,a3
 7a2:	25f6                	lhu	a3,14(a1)
 7a4:	8fd5                	or	a5,a5,a3
 7a6:	8fd9                	or	a5,a5,a4
 7a8:	a11e                	sh	a5,0(a0)
 7aa:	299e                	lhu	a5,16(a1)
 7ac:	a91e                	sh	a5,16(a0)
 7ae:	8082                	ret

000007b0 <SPI_Cmd>:
 7b0:	211e                	lhu	a5,0(a0)
 7b2:	c589                	beqz	a1,7bc <SPI_Cmd+0xc>
 7b4:	0407e793          	ori	a5,a5,64
 7b8:	a11e                	sh	a5,0(a0)
 7ba:	8082                	ret
 7bc:	07c2                	slli	a5,a5,0x10
 7be:	83c1                	srli	a5,a5,0x10
 7c0:	fbf7f793          	andi	a5,a5,-65
 7c4:	07c2                	slli	a5,a5,0x10
 7c6:	83c1                	srli	a5,a5,0x10
 7c8:	bfc5                	j	7b8 <SPI_Cmd+0x8>

000007ca <SPI_I2S_SendData>:
 7ca:	a54e                	sh	a1,12(a0)
 7cc:	8082                	ret

000007ce <SPI_I2S_ReceiveData>:
 7ce:	254a                	lhu	a0,12(a0)
 7d0:	8082                	ret

000007d2 <SPI_I2S_GetFlagStatus>:
 7d2:	250a                	lhu	a0,8(a0)
 7d4:	8d6d                	and	a0,a0,a1
 7d6:	00a03533          	snez	a0,a0
 7da:	8082                	ret

000007dc <Delay_Init>:
 7dc:	8c5ff2ef          	jal	t0,a0 <__riscv_save_0>
 7e0:	200007b7          	lui	a5,0x20000
 7e4:	0147a503          	lw	a0,20(a5) # 20000014 <SystemCoreClock>
 7e8:	007a15b7          	lui	a1,0x7a1
 7ec:	20058593          	addi	a1,a1,512 # 7a1200 <_data_lma+0x7a09f0>
 7f0:	8cdff0ef          	jal	ra,bc <__udivsi3>
 7f4:	0ff57513          	andi	a0,a0,255
 7f8:	80a18d23          	sb	a0,-2022(gp) # 20000032 <p_us>
 7fc:	00551793          	slli	a5,a0,0x5
 800:	8f89                	sub	a5,a5,a0
 802:	078a                	slli	a5,a5,0x2
 804:	953e                	add	a0,a0,a5
 806:	050e                	slli	a0,a0,0x3
 808:	80a19c23          	sh	a0,-2024(gp) # 20000030 <p_ms>
 80c:	89fff06f          	j	aa <__riscv_restore_0>
